WARNING: File src/gui/gui_editor.c exceeds 600 lines (actual count: 611)

(process:63414): Adwaita-WARNING **: 12:13:02.876: Using GtkSettings:gtk-application-prefer-dark-theme with libadwaita is unsupported. Please use AdwStyleManager:color-scheme instead.
UPDATE_TOTAL_LINES: 1
GET_RANGE start=0 end=1 start_off=0 end_off=0

(qirtas:63414): Gdk-WARNING **: 12:13:04.269: vkAcquireNextImageKHR(): A swapchain no longer matches the surface properties exactly, but can still be used to present to the surface successfully. (VK_SUBOPTIMAL_KHR) (1000001003)
SIMULATION: scrolling to line 1000...
GET_RANGE start=0 end=1 start_off=0 end_off=0
LOAD_VIEWPORT start=0 end=1
SIMULATION: scroll completed.
UPDATE_TOTAL_LINES: 1
GET_RANGE start=0 end=1 start_off=0 end_off=0
RELOAD_BLOCKED_TEST
SIMULATION: selecting all and deleting...
SIMULATION: delete completed.
UPDATE_TOTAL_LINES: 197
GET_RANGE start=0 end=197 start_off=0 end_off=11397
RELOAD_BLOCKED_TEST
UPDATE_TOTAL_LINES: 5153
GET_RANGE start=0 end=100 start_off=0 end_off=4389
UPDATE_TOTAL_LINES: 4957
Segmentation fault at address 0x7fcb36c5b000
???:?:?: 0x7fcb3d2dfc60 in ??? (/usr/lib/libglib-2.0.so.0)
aborting due to recursive panic
run
+- run exe qirtas failure
error: process terminated with signal ABRT
failed command: /home/sinkeat/projects/Qirtas/zig-out/bin/qirtas

Build Summary: 3/5 steps succeeded (1 failed)
run transitive failure
+- run exe qirtas failure

error: the following build command failed with exit code 1:
.zig-cache/o/64413582ef5b0847bebc34c6f7abdfc3/build /usr/bin/zig /usr/lib/zig /home/sinkeat/projects/Qirtas .zig-cache /home/sinkeat/.cache/zig --seed 0xb6e3574f -Z9c43b676d9187690 run
